閫傜敤浜?.NET Framework MSBuild 鐗堟湰 17.14.19+164abd434

  Automatic MOC and UIC for target GenericCodeGen
  Automatic MOC and UIC for target MachineIndependent
  Automatic MOC and UIC for target OSDependent
  Automatic MOC and UIC for target SPIRV
  Automatic MOC and UIC for target glslang-default-resource-limits
  Automatic MOC and UIC for target glslang
  GenericCodeGen.vcxproj -> E:\QtAudio-VideoLearning\EnhanceVision\build\msvc2022\Release\third_party\ncnn\glslang\glslang\Release\GenericCodeGen.lib
  MachineIndependent.vcxproj -> E:\QtAudio-VideoLearning\EnhanceVision\build\msvc2022\Release\third_party\ncnn\glslang\glslang\Release\MachineIndependent.lib
  OSDependent.vcxproj -> E:\QtAudio-VideoLearning\EnhanceVision\build\msvc2022\Release\third_party\ncnn\glslang\glslang\OSDependent\Windows\Release\OSDependent.lib
  SPIRV.vcxproj -> E:\QtAudio-VideoLearning\EnhanceVision\build\msvc2022\Release\third_party\ncnn\glslang\SPIRV\Release\SPIRV.lib
  glslang-default-resource-limits.vcxproj -> E:\QtAudio-VideoLearning\EnhanceVision\build\msvc2022\Release\third_party\ncnn\glslang\glslang\Release\glslang-default-resource-limits.lib
  glslang.vcxproj -> E:\QtAudio-VideoLearning\EnhanceVision\build\msvc2022\Release\third_party\ncnn\glslang\glslang\Release\glslang.lib
  Automatic MOC and UIC for target test_shader_consistency
  test_shader_consistency.vcxproj -> E:\QtAudio-VideoLearning\EnhanceVision\build\msvc2022\Release\Release\test_shader_consistency.exe
  1>Automatic MOC and UIC for target ncnn
  ncnn.vcxproj -> E:\QtAudio-VideoLearning\EnhanceVision\build\msvc2022\Release\third_party\ncnn\src\Release\ncnn.lib
  Automatic MOC and UIC for target benchncnn
  1>Automatic MOC and UIC for target EnhanceVision
  benchncnn.vcxproj -> E:\QtAudio-VideoLearning\EnhanceVision\build\msvc2022\Release\third_party\ncnn\benchmark\Release\benchncnn.exe
  Running AUTOMOC file extraction for target EnhanceVision
  Running moc --collect-json for target EnhanceVision
  Running rcc for resource EnhanceVision_raw_qml_0_extra_qmldirs
  qrc_EnhanceVision_raw_qml_0_extra_qmldirs.cpp
    姝ｅ湪鍒涘缓搴?E:/QtAudio-VideoLearning/EnhanceVision/build/msvc2022/Release/Release/EnhanceVision.lib 鍜屽璞?E:/QtAudio-VideoLearning/EnhanceVision/build/msvc2022/Release/Release/EnhanceVision.exp
  姝ｅ湪鐢熸垚浠ｇ爜
  宸插畬鎴愪唬鐮佺殑鐢熸垚
  EnhanceVision.vcxproj -> E:\QtAudio-VideoLearning\EnhanceVision\build\msvc2022\Release\Release\EnhanceVision.exe
  -- Copying E:/QtAudio-VideoLearning/EnhanceVision/third_party/ffmpeg/bin -> E:/QtAudio-VideoLearning/EnhanceVision/build/msvc2022/Release/Release
  Adding local dependencyE:/QtAudio-VideoLearning/EnhanceVision/build/msvc2022/Release/Release/avcodec-61.dll
  Adding local dependencyE:/QtAudio-VideoLearning/EnhanceVision/build/msvc2022/Release/Release/avformat-61.dll
  Adding local dependencyE:/QtAudio-VideoLearning/EnhanceVision/build/msvc2022/Release/Release/avutil-59.dll
  Adding local dependencyE:/QtAudio-VideoLearning/EnhanceVision/build/msvc2022/Release/Release/swscale-8.dll
  Adding local dependencyE:/QtAudio-VideoLearning/EnhanceVision/build/msvc2022/Release/Release/icuuc.dll
  Adding local dependencyE:/QtAudio-VideoLearning/EnhanceVision/build/msvc2022/Release/Release/swresample-5.dll
  E:\QtAudio-VideoLearning\EnhanceVision\build\msvc2022\Release\Release\EnhanceVision.exe 64 bit, release executable [QML]
  Scanning E:\QtAudio-VideoLearning\EnhanceVision\qml:
  QML imports:
    'QtQuick' E:\Qt\6.10.2\msvc2022_64\qml\QtQuick
    'QtQml' E:\Qt\6.10.2\msvc2022_64\qml\QtQml
    'QML' E:\Qt\6.10.2\msvc2022_64\qml\QML
    'QtQml.Models' E:\Qt\6.10.2\msvc2022_64\qml\QtQml\Models
    'QtQml.WorkerScript' E:\Qt\6.10.2\msvc2022_64\qml\QtQml\WorkerScript
    'QtQuick.Controls' E:\Qt\6.10.2\msvc2022_64\qml\QtQuick\Controls
    'QtQuick.Controls.Fusion' E:\Qt\6.10.2\msvc2022_64\qml\QtQuick\Controls\Fusion
    'QtQuick.Controls.Material' E:\Qt\6.10.2\msvc2022_64\qml\QtQuick\Controls\Material
    'QtQuick.Controls.Imagine' E:\Qt\6.10.2\msvc2022_64\qml\QtQuick\Controls\Imagine
    'QtQuick.Controls.Universal' E:\Qt\6.10.2\msvc2022_64\qml\QtQuick\Controls\Universal
    'QtQuick.Controls.FluentWinUI3' E:\Qt\6.10.2\msvc2022_64\qml\QtQuick\Controls\FluentWinUI3
    'QtQuick.Controls.Windows' E:\Qt\6.10.2\msvc2022_64\qml\QtQuick\Controls\Windows
    'QtQuick.Controls.Basic' E:\Qt\6.10.2\msvc2022_64\qml\QtQuick\Controls\Basic
    'QtQuick.Templates' E:\Qt\6.10.2\msvc2022_64\qml\QtQuick\Templates
    'QtQuick.Controls.impl' E:\Qt\6.10.2\msvc2022_64\qml\QtQuick\Controls\impl
    'QtQuick.Controls.Fusion.impl' E:\Qt\6.10.2\msvc2022_64\qml\QtQuick\Controls\Fusion\impl
    'QtQuick.Window' E:\Qt\6.10.2\msvc2022_64\qml\QtQuick\Window
    'QtQuick.Controls.Material.impl' E:\Qt\6.10.2\msvc2022_64\qml\QtQuick\Controls\Material\impl
    'QtQuick.Controls.Imagine.impl' E:\Qt\6.10.2\msvc2022_64\qml\QtQuick\Controls\Imagine\impl
    'QtQuick.Controls.Universal.impl' E:\Qt\6.10.2\msvc2022_64\qml\QtQuick\Controls\Universal\impl
    'QtQuick.Controls.FluentWinUI3.impl' E:\Qt\6.10.2\msvc2022_64\qml\QtQuick\Controls\FluentWinUI3\impl
    'QtQuick.Effects' E:\Qt\6.10.2\msvc2022_64\qml\QtQuick\Effects
    'QtQuick.Layouts' E:\Qt\6.10.2\msvc2022_64\qml\QtQuick\Layouts
    'QtQuick.Shapes' E:\Qt\6.10.2\msvc2022_64\qml\QtQuick\Shapes
    'QtQuick.NativeStyle' E:\Qt\6.10.2\msvc2022_64\qml\QtQuick\NativeStyle
    'QtQuick.Controls.Windows.impl' E:\Qt\6.10.2\msvc2022_64\qml\QtQuick\Controls\Windows\impl
    'QtQuick.Controls.Basic.impl' E:\Qt\6.10.2\msvc2022_64\qml\QtQuick\Controls\Basic\impl
    'Qt.labs.qmlmodels' E:\Qt\6.10.2\msvc2022_64\qml\Qt\labs\qmlmodels
    'QtMultimedia' E:\Qt\6.10.2\msvc2022_64\qml\QtMultimedia
    'QtQuick.Dialogs' E:\Qt\6.10.2\msvc2022_64\qml\QtQuick\Dialogs
    'QtQuick.Dialogs.quickimpl' E:\Qt\6.10.2\msvc2022_64\qml\QtQuick\Dialogs\quickimpl
    'Qt.labs.folderlistmodel' E:\Qt\6.10.2\msvc2022_64\qml\Qt\labs\folderlistmodel
  Adding in plugin type generic for module: Qt6Gui
  Adding in plugin type iconengines for module: Qt6Gui
  Adding Qt6Svg for qsvgicon.dll from plugin type: iconengines
  Adding in plugin type imageformats for module: Qt6Gui
  Adding in plugin type multimedia for module: Qt6Multimedia
  Adding in plugin type networkinformation for module: Qt6Network
  Adding in plugin type platforms for module: Qt6Gui
  Adding in plugin type qmltooling for module: Qt6Qml
  Adding Qt6Quick3DUtils for qmldbg_quick3dprofiler.dll from plugin type: qmltooling
  Adding in plugin type styles for module: Qt6Widgets
  Adding in plugin type tls for module: Qt6Network
  Skipping plugin qopensslbackend.dll. Use -force-openssl or specify -openssl-root if you want to use it.
  Performing additional pass of finding Qt plugins due to updated Qt module list: Qt6Core Qt6Gui Qt6LabsFolderListModel Qt6LabsQmlModels Qt6Multimedia Qt6MultimediaQuick Qt6Network Qt6OpenGL Qt6Qml Qt6QmlMeta Qt6QmlModels Qt6QmlWorkerScript Qt6Quick Qt6Quick3DUtils Qt6QuickControls2 Qt6QuickControls2Basic Qt6QuickControls2BasicStyleImpl Qt6QuickControls2FluentWinUI3StyleImpl Qt6QuickControls2Fusion Qt6QuickControls2FusionStyleImpl Qt6QuickControls2Imagine Qt6QuickControls2ImagineStyleImpl Qt6QuickControls2Impl Qt6QuickControls2Material Qt6QuickControls2MaterialStyleImpl Qt6QuickControls2Universal Qt6QuickControls2UniversalStyleImpl Qt6QuickControls2WindowsStyleImpl Qt6QuickDialogs2 Qt6QuickDialogs2QuickImpl Qt6QuickDialogs2Utils Qt6QuickEffects Qt6QuickLayouts Qt6QuickShapes Qt6QuickTemplates2 Qt6QuickWidgets Qt6Svg Qt6Widgets
  Adding in plugin type generic for module: Qt6Gui
  Adding in plugin type iconengines for module: Qt6Gui
  Adding in plugin type imageformats for module: Qt6Gui
  Adding in plugin type multimedia for module: Qt6Multimedia
  Adding in plugin type networkinformation for module: Qt6Network
  Adding in plugin type platforms for module: Qt6Gui
  Adding in plugin type qmltooling for module: Qt6Qml
  Adding in plugin type styles for module: Qt6Widgets
  Adding in plugin type tls for module: Qt6Network
  Skipping plugin qopensslbackend.dll. Use -force-openssl or specify -openssl-root if you want to use it.
  Direct dependencies: Qt6Core Qt6Gui Qt6Network Qt6OpenGL Qt6Qml Qt6QmlMeta Qt6QmlModels Qt6QmlWorkerScript Qt6Quick Qt6QuickControls2 Qt6QuickTemplates2 Qt6QuickWidgets Qt6Widgets
EXEC : warning : Cannot find Visual Studio installation directory, VCINSTALLDIR is not set. [E:\QtAudio-VideoLearning\EnhanceVision\build\msvc2022\Release\EnhanceVision.vcxproj]
  All dependencies   : Qt6Core Qt6Gui Qt6LabsFolderListModel Qt6LabsQmlModels Qt6Multimedia Qt6MultimediaQuick Qt6Network Qt6OpenGL Qt6Qml Qt6QmlMeta Qt6QmlModels Qt6QmlWorkerScript Qt6Quick Qt6QuickControls2 Qt6QuickControls2Basic Qt6QuickControls2BasicStyleImpl Qt6QuickControls2FluentWinUI3StyleImpl Qt6QuickControls2Fusion Qt6QuickControls2FusionStyleImpl Qt6QuickControls2Imagine Qt6QuickControls2ImagineStyleImpl Qt6QuickControls2Impl Qt6QuickControls2Material Qt6QuickControls2MaterialStyleImpl Qt6QuickControls2Universal Qt6QuickControls2UniversalStyleImpl Qt6QuickControls2WindowsStyleImpl Qt6QuickDialogs2 Qt6QuickDialogs2QuickImpl Qt6QuickDialogs2Utils Qt6QuickEffects Qt6QuickLayouts Qt6QuickShapes Qt6QuickTemplates2 Qt6QuickWidgets Qt6Widgets
  To be deployed     : Qt6Core Qt6Gui Qt6LabsFolderListModel Qt6LabsQmlModels Qt6Multimedia Qt6MultimediaQuick Qt6Network Qt6OpenGL Qt6Qml Qt6QmlMeta Qt6QmlModels Qt6QmlWorkerScript Qt6Quick Qt6Quick3DUtils Qt6QuickControls2 Qt6QuickControls2Basic Qt6QuickControls2BasicStyleImpl Qt6QuickControls2FluentWinUI3StyleImpl Qt6QuickControls2Fusion Qt6QuickControls2FusionStyleImpl Qt6QuickControls2Imagine Qt6QuickControls2ImagineStyleImpl Qt6QuickControls2Impl Qt6QuickControls2Material Qt6QuickControls2MaterialStyleImpl Qt6QuickControls2Universal Qt6QuickControls2UniversalStyleImpl Qt6QuickControls2WindowsStyleImpl Qt6QuickDialogs2 Qt6QuickDialogs2QuickImpl Qt6QuickDialogs2Utils Qt6QuickEffects Qt6QuickLayouts Qt6QuickShapes Qt6QuickTemplates2 Qt6QuickWidgets Qt6Svg Qt6Widgets
  icuuc.dll is up to date.
  Qt6Core.dll is up to date.
  Qt6Gui.dll is up to date.
  Qt6LabsFolderListModel.dll is up to date.
  Qt6LabsQmlModels.dll is up to date.
  Qt6Multimedia.dll is up to date.
  Qt6MultimediaQuick.dll is up to date.
  Qt6Network.dll is up to date.
  Qt6OpenGL.dll is up to date.
  Qt6Qml.dll is up to date.
  Qt6QmlMeta.dll is up to date.
  Qt6QmlModels.dll is up to date.
  Qt6QmlWorkerScript.dll is up to date.
  Qt6Quick.dll is up to date.
  Qt6Quick3DUtils.dll is up to date.
  Qt6QuickControls2.dll is up to date.
  Qt6QuickControls2Basic.dll is up to date.
  Qt6QuickControls2BasicStyleImpl.dll is up to date.
  Qt6QuickControls2FluentWinUI3StyleImpl.dll is up to date.
  Qt6QuickControls2Fusion.dll is up to date.
  Qt6QuickControls2FusionStyleImpl.dll is up to date.
  Qt6QuickControls2Imagine.dll is up to date.
  Qt6QuickControls2ImagineStyleImpl.dll is up to date.
  Qt6QuickControls2Impl.dll is up to date.
  Qt6QuickControls2Material.dll is up to date.
  Qt6QuickControls2MaterialStyleImpl.dll is up to date.
  Qt6QuickControls2Universal.dll is up to date.
  Qt6QuickControls2UniversalStyleImpl.dll is up to date.
  Qt6QuickControls2WindowsStyleImpl.dll is up to date.
  Qt6QuickDialogs2.dll is up to date.
  Qt6QuickDialogs2QuickImpl.dll is up to date.
  Qt6QuickDialogs2Utils.dll is up to date.
  Qt6QuickEffects.dll is up to date.
  Qt6QuickLayouts.dll is up to date.
  Qt6QuickShapes.dll is up to date.
  Qt6QuickTemplates2.dll is up to date.
  Qt6QuickWidgets.dll is up to date.
  Qt6Svg.dll is up to date.
  Qt6Widgets.dll is up to date.
  opengl32sw.dll is up to date.
  D3Dcompiler_47.dll is up to date.
  dxcompiler.dll is up to date.
  dxil.dll is up to date.
  Updating avcodec-61.dll.
  Updating avformat-61.dll.
  Updating avutil-59.dll.
  Updating swresample-5.dll.
  Updating swscale-8.dll.
  qtuiotouchplugin.dll is up to date.
  qsvgicon.dll is up to date.
  qgif.dll is up to date.
  qico.dll is up to date.
  qjpeg.dll is up to date.
  qsvg.dll is up to date.
  ffmpegmediaplugin.dll is up to date.
  windowsmediaplugin.dll is up to date.
  qnetworklistmanager.dll is up to date.
  qwindows.dll is up to date.
  qmldbg_debugger.dll is up to date.
  qmldbg_inspector.dll is up to date.
  qmldbg_local.dll is up to date.
  qmldbg_messages.dll is up to date.
  qmldbg_native.dll is up to date.
  qmldbg_nativedebugger.dll is up to date.
  qmldbg_preview.dll is up to date.
  qmldbg_profiler.dll is up to date.
  qmldbg_quick3dprofiler.dll is up to date.
  qmldbg_quickprofiler.dll is up to date.
  qmldbg_server.dll is up to date.
  qmldbg_tcp.dll is up to date.
  qmodernwindowsstyle.dll is up to date.
  qcertonlybackend.dll is up to date.
  qschannelbackend.dll is up to date.
  qtquick2plugin.dll is up to date.
  plugins.qmltypes is up to date.
  qmldir is up to date.
  Skipping E:\Qt\6.10.2\msvc2022_64\qml\QtQuick\Controls\designer.
  qmlplugin.dll is up to date.
  plugins.qmltypes is up to date.
  qmldir is up to date.
  plugins.qmltypes is up to date.
  qmldir is up to date.
  modelsplugin.dll is up to date.
  plugins.qmltypes is up to date.
  qmldir is up to date.
  workerscriptplugin.dll is up to date.
  plugins.qmltypes is up to date.
  qmldir is up to date.
  qtquickcontrols2plugin.dll is up to date.
  plugins.qmltypes is up to date.
  qmldir is up to date.
  Skipping E:\Qt\6.10.2\msvc2022_64\qml\QtQuick\Controls\designer.
  qtquickcontrols2fusionstyleplugin.dll is up to date.
  ApplicationWindow.qml is up to date.
  BusyIndicator.qml is up to date.
  Button.qml is up to date.
  CheckBox.qml is up to date.
  CheckDelegate.qml is up to date.
  ComboBox.qml is up to date.
  DelayButton.qml is up to date.
  Dial.qml is up to date.
  Dialog.qml is up to date.
  DialogButtonBox.qml is up to date.
  Drawer.qml is up to date.
  Frame.qml is up to date.
  GroupBox.qml is up to date.
  HorizontalHeaderView.qml is up to date.
  HorizontalHeaderViewDelegate.qml is up to date.
  ItemDelegate.qml is up to date.
  Label.qml is up to date.
  Menu.qml is up to date.
  MenuBar.qml is up to date.
  MenuBarItem.qml is up to date.
  MenuItem.qml is up to date.
  MenuSeparator.qml is up to date.
  Page.qml is up to date.
  PageIndicator.qml is up to date.
  Pane.qml is up to date.
  plugins.qmltypes is up to date.
  Popup.qml is up to date.
  ProgressBar.qml is up to date.
  qmldir is up to date.
  RadioButton.qml is up to date.
  RadioDelegate.qml is up to date.
  RangeSlider.qml is up to date.
  RoundButton.qml is up to date.
  ScrollBar.qml is up to date.
  ScrollIndicator.qml is up to date.
  ScrollView.qml is up to date.
  SearchField.qml is up to date.
  SelectionRectangle.qml is up to date.
  Slider.qml is up to date.
  SpinBox.qml is up to date.
  SplitView.qml is up to date.
  SwipeDelegate.qml is up to date.
  Switch.qml is up to date.
  SwitchDelegate.qml is up to date.
  TabBar.qml is up to date.
  TabButton.qml is up to date.
  TextArea.qml is up to date.
  TextField.qml is up to date.
  ToolBar.qml is up to date.
  ToolButton.qml is up to date.
  ToolSeparator.qml is up to date.
  ToolTip.qml is up to date.
  TreeViewDelegate.qml is up to date.
  Tumbler.qml is up to date.
  VerticalHeaderView.qml is up to date.
  VerticalHeaderViewDelegate.qml is up to date.
  qtquickcontrols2materialstyleplugin.dll is up to date.
  ApplicationWindow.qml is up to date.
  BusyIndicator.qml is up to date.
  Button.qml is up to date.
  CheckBox.qml is up to date.
  CheckDelegate.qml is up to date.
  ComboBox.qml is up to date.
  DelayButton.qml is up to date.
  Dial.qml is up to date.
  Dialog.qml is up to date.
  DialogButtonBox.qml is up to date.
  Drawer.qml is up to date.
  Frame.qml is up to date.
  GroupBox.qml is up to date.
  HorizontalHeaderView.qml is up to date.
  HorizontalHeaderViewDelegate.qml is up to date.
  ItemDelegate.qml is up to date.
  Label.qml is up to date.
  Menu.qml is up to date.
  MenuBar.qml is up to date.
  MenuBarItem.qml is up to date.
  MenuItem.qml is up to date.
  MenuSeparator.qml is up to date.
  Page.qml is up to date.
  PageIndicator.qml is up to date.
  Pane.qml is up to date.
  plugins.qmltypes is up to date.
  Popup.qml is up to date.
  ProgressBar.qml is up to date.
  qmldir is up to date.
  RadioButton.qml is up to date.
  RadioDelegate.qml is up to date.
  RangeSlider.qml is up to date.
  RoundButton.qml is up to date.
  ScrollBar.qml is up to date.
  ScrollIndicator.qml is up to date.
  ScrollView.qml is up to date.
  SearchField.qml is up to date.
  SelectionRectangle.qml is up to date.
  Slider.qml is up to date.
  SpinBox.qml is up to date.
  SplitView.qml is up to date.
  StackView.qml is up to date.
  SwipeDelegate.qml is up to date.
  SwipeView.qml is up to date.
  Switch.qml is up to date.
  SwitchDelegate.qml is up to date.
  TabBar.qml is up to date.
  TabButton.qml is up to date.
  TextArea.qml is up to date.
  TextField.qml is up to date.
  ToolBar.qml is up to date.
  ToolButton.qml is up to date.
  ToolSeparator.qml is up to date.
  ToolTip.qml is up to date.
  TreeViewDelegate.qml is up to date.
  Tumbler.qml is up to date.
  VerticalHeaderView.qml is up to date.
  VerticalHeaderViewDelegate.qml is up to date.
  qtquickcontrols2imaginestyleplugin.dll is up to date.
  ApplicationWindow.qml is up to date.
  BusyIndicator.qml is up to date.
  Button.qml is up to date.
  CheckBox.qml is up to date.
  CheckDelegate.qml is up to date.
  ComboBox.qml is up to date.
  DelayButton.qml is up to date.
  Dial.qml is up to date.
  Dialog.qml is up to date.
  DialogButtonBox.qml is up to date.
  Drawer.qml is up to date.
  Frame.qml is up to date.
  GroupBox.qml is up to date.
  HorizontalHeaderView.qml is up to date.
  HorizontalHeaderViewDelegate.qml is up to date.
  ItemDelegate.qml is up to date.
  Label.qml is up to date.
  Menu.qml is up to date.
  MenuItem.qml is up to date.
  MenuSeparator.qml is up to date.
  Page.qml is up to date.
  PageIndicator.qml is up to date.
  Pane.qml is up to date.
  plugins.qmltypes is up to date.
  Popup.qml is up to date.
  ProgressBar.qml is up to date.
  qmldir is up to date.
  RadioButton.qml is up to date.
  RadioDelegate.qml is up to date.
  RangeSlider.qml is up to date.
  RoundButton.qml is up to date.
  ScrollBar.qml is up to date.
  ScrollIndicator.qml is up to date.
  ScrollView.qml is up to date.
  SearchField.qml is up to date.
  SelectionRectangle.qml is up to date.
  Slider.qml is up to date.
  SpinBox.qml is up to date.
  SplitView.qml is up to date.
  StackView.qml is up to date.
  SwipeDelegate.qml is up to date.
  SwipeView.qml is up to date.
  Switch.qml is up to date.
  SwitchDelegate.qml is up to date.
  TabBar.qml is up to date.
  TabButton.qml is up to date.
  TextArea.qml is up to date.
  TextField.qml is up to date.
  ToolBar.qml is up to date.
  ToolButton.qml is up to date.
  ToolSeparator.qml is up to date.
  ToolTip.qml is up to date.
  Tumbler.qml is up to date.
  VerticalHeaderView.qml is up to date.
  VerticalHeaderViewDelegate.qml is up to date.
  qtquickcontrols2universalstyleplugin.dll is up to date.
  ApplicationWindow.qml is up to date.
  BusyIndicator.qml is up to date.
  Button.qml is up to date.
  CheckBox.qml is up to date.
  CheckDelegate.qml is up to date.
  ComboBox.qml is up to date.
  DelayButton.qml is up to date.
  Dial.qml is up to date.
  Dialog.qml is up to date.
  DialogButtonBox.qml is up to date.
  Drawer.qml is up to date.
  Frame.qml is up to date.
  GroupBox.qml is up to date.
  HorizontalHeaderView.qml is up to date.
  HorizontalHeaderViewDelegate.qml is up to date.
  ItemDelegate.qml is up to date.
  Label.qml is up to date.
  Menu.qml is up to date.
  MenuBar.qml is up to date.
  MenuBarItem.qml is up to date.
  MenuItem.qml is up to date.
  MenuSeparator.qml is up to date.
  Page.qml is up to date.
  PageIndicator.qml is up to date.
  Pane.qml is up to date.
  plugins.qmltypes is up to date.
  Popup.qml is up to date.
  ProgressBar.qml is up to date.
  qmldir is up to date.
  RadioButton.qml is up to date.
  RadioDelegate.qml is up to date.
  RangeSlider.qml is up to date.
  RoundButton.qml is up to date.
  ScrollBar.qml is up to date.
  ScrollIndicator.qml is up to date.
  ScrollView.qml is up to date.
  SearchField.qml is up to date.
  SelectionRectangle.qml is up to date.
  Slider.qml is up to date.
  SpinBox.qml is up to date.
  SplitView.qml is up to date.
  StackView.qml is up to date.
  SwipeDelegate.qml is up to date.
  Switch.qml is up to date.
  SwitchDelegate.qml is up to date.
  TabBar.qml is up to date.
  TabButton.qml is up to date.
  TextArea.qml is up to date.
  TextField.qml is up to date.
  ToolBar.qml is up to date.
  ToolButton.qml is up to date.
  ToolSeparator.qml is up to date.
  ToolTip.qml is up to date.
  Tumbler.qml is up to date.
  VerticalHeaderView.qml is up to date.
  VerticalHeaderViewDelegate.qml is up to date.
  qtquickcontrols2fluentwinui3styleplugin.dll is up to date.
  ApplicationWindow.qml is up to date.
  BusyIndicator.qml is up to date.
  Button.qml is up to date.
  CheckBox.qml is up to date.
  CheckDelegate.qml is up to date.
  ComboBox.qml is up to date.
  Config.qml is up to date.
  DelayButton.qml is up to date.
  Dialog.qml is up to date.
  DialogButtonBox.qml is up to date.
  FocusFrame.qml is up to date.
  Frame.qml is up to date.
  GroupBox.qml is up to date.
  ItemDelegate.qml is up to date.
  Menu.qml is up to date.
  MenuBar.qml is up to date.
  MenuBarItem.qml is up to date.
  MenuItem.qml is up to date.
  MenuSeparator.qml is up to date.
  PageIndicator.qml is up to date.
  plugins.qmltypes is up to date.
  Popup.qml is up to date.
  ProgressBar.qml is up to date.
  qmldir is up to date.
  RadioButton.qml is up to date.
  RadioDelegate.qml is up to date.
  RangeSlider.qml is up to date.
  RoundButton.qml is up to date.
  SearchField.qml is up to date.
  Slider.qml is up to date.
  SpinBox.qml is up to date.
  StyleImage.qml is up to date.
  SwipeDelegate.qml is up to date.
  Switch.qml is up to date.
  SwitchDelegate.qml is up to date.
  TabBar.qml is up to date.
  TabButton.qml is up to date.
  TextArea.qml is up to date.
  TextField.qml is up to date.
  ToolBar.qml is up to date.
  ToolButton.qml is up to date.
  ToolSeparator.qml is up to date.
  ToolTip.qml is up to date.
  checkbox-indicator-checked-disabled.png is up to date.
  checkbox-indicator-checked-disabled@2x.png is up to date.
  checkbox-indicator-checked-disabled@3x.png is up to date.
  checkbox-indicator-checked-hovered.png is up to date.
  checkbox-indicator-checked-hovered@2x.png is up to date.
  checkbox-indicator-checked-hovered@3x.png is up to date.
  checkbox-indicator-checked-pressed.png is up to date.
  checkbox-indicator-checked-pressed@2x.png is up to date.
  checkbox-indicator-checked-pressed@3x.png is up to date.
  checkbox-indicator-checked.png is up to date.
  checkbox-indicator-checked@2x.png is up to date.
  checkbox-indicator-checked@3x.png is up to date.
  checkbox-indicator-disabled-partiallyChecked.png is up to date.
  checkbox-indicator-disabled-partiallyChecked@2x.png is up to date.
  checkbox-indicator-disabled-partiallyChecked@3x.png is up to date.
  checkbox-indicator-disabled.png is up to date.
  checkbox-indicator-disabled@2x.png is up to date.
  checkbox-indicator-disabled@3x.png is up to date.
  checkbox-indicator-hovered-partiallyChecked.png is up to date.
  checkbox-indicator-hovered-partiallyChecked@2x.png is up to date.
  checkbox-indicator-hovered-partiallyChecked@3x.png is up to date.
  checkbox-indicator-hovered.png is up to date.
  checkbox-indicator-hovered@2x.png is up to date.
  checkbox-indicator-hovered@3x.png is up to date.
  checkbox-indicator-partiallyChecked-pressed.png is up to date.
  checkbox-indicator-partiallyChecked-pressed@2x.png is up to date.
  checkbox-indicator-partiallyChecked-pressed@3x.png is up to date.
  checkbox-indicator-partiallyChecked.png is up to date.
  checkbox-indicator-partiallyChecked@2x.png is up to date.
  checkbox-indicator-partiallyChecked@3x.png is up to date.
  checkbox-indicator-pressed.png is up to date.
  checkbox-indicator-pressed@2x.png is up to date.
  checkbox-indicator-pressed@3x.png is up to date.
  checkbox-indicator.png is up to date.
  checkbox-indicator@2x.png is up to date.
  checkbox-indicator@3x.png is up to date.
  combobox-background-disabled.png is up to date.
  combobox-background-disabled@2x.png is up to date.
  combobox-background-disabled@3x.png is up to date.
  combobox-background-focused.png is up to date.
  combobox-background-focused@2x.png is up to date.
  combobox-background-focused@3x.png is up to date.
  combobox-background-hovered-open.png is up to date.
  combobox-background-hovered-open@2x.png is up to date.
  combobox-background-hovered-open@3x.png is up to date.
  combobox-background-hovered.png is up to date.
  combobox-background-hovered@2x.png is up to date.
  combobox-background-hovered@3x.png is up to date.
  combobox-background-open-pressed.png is up to date.
  combobox-background-open-pressed@2x.png is up to date.
  combobox-background-open-pressed@3x.png is up to date.
  combobox-background-open.png is up to date.
  combobox-background-open@2x.png is up to date.
  combobox-background-open@3x.png is up to date.
  combobox-background-pressed.png is up to date.
  combobox-background-pressed@2x.png is up to date.
  combobox-background-pressed@3x.png is up to date.
  combobox-background.png is up to date.
  combobox-background@2x.png is up to date.
  combobox-background@3x.png is up to date.
  combobox-indicator-disabled.png is up to date.
  combobox-indicator-disabled@2x.png is up to date.
  combobox-indicator-disabled@3x.png is up to date.
  combobox-indicator-focused.png is up to date.
  combobox-indicator-focused@2x.png is up to date.
  combobox-indicator-focused@3x.png is up to date.
  combobox-indicator-hovered-open.png is up to date.
  combobox-indicator-hovered-open@2x.png is up to date.
  combobox-indicator-hovered-open@3x.png is up to date.
  combobox-indicator-hovered.png is up to date.
  combobox-indicator-hovered@2x.png is up to date.
  combobox-indicator-hovered@3x.png is up to date.
  combobox-indicator-open-pressed.png is up to date.
  combobox-indicator-open-pressed@2x.png is up to date.
  combobox-indicator-open-pressed@3x.png is up to date.
  combobox-indicator-open.png is up to date.
  combobox-indicator-open@2x.png is up to date.
  combobox-indicator-open@3x.png is up to date.
  combobox-indicator-pressed.png is up to date.
  combobox-indicator-pressed@2x.png is up to date.
  combobox-indicator-pressed@3x.png is up to date.
  combobox-indicator.png is up to date.
  combobox-indicator@2x.png is up to date.
  combobox-indicator@3x.png is up to date.
  editablecombobox-background-hovered-open.png is up to date.
  editablecombobox-background-hovered-open@2x.png is up to date.
  editablecombobox-background-hovered-open@3x.png is up to date.
  editablecombobox-background-open-pressed.png is up to date.
  editablecombobox-background-open-pressed@2x.png is up to date.
  editablecombobox-background-open-pressed@3x.png is up to date.
  editablecombobox-background-open.png is up to date.
  editablecombobox-background-open@2x.png is up to date.
  editablecombobox-background-open@3x.png is up to date.
  editablecombobox-indicator-hovered-open.png is up to date.
  editablecombobox-indicator-hovered-open@2x.png is up to date.
  editablecombobox-indicator-hovered-open@3x.png is up to date.
  editablecombobox-indicator-open-pressed.png is up to date.
  editablecombobox-indicator-open-pressed@2x.png is up to date.
  editablecombobox-indicator-open-pressed@3x.png is up to date.
  editablecombobox-indicator-open.png is up to date.
  editablecombobox-indicator-open@2x.png is up to date.
  editablecombobox-indicator-open@3x.png is up to date.
  editablecombobox-popup-background-hovered-open.png is up to date.
  editablecombobox-popup-background-hovered-open@2x.png is up to date.
  editablecombobox-popup-background-hovered-open@3x.png is up to date.
  editablecombobox-popup-background-open-pressed.png is up to date.
  editablecombobox-popup-background-open-pressed@2x.png is up to date.
  editablecombobox-popup-background-open-pressed@3x.png is up to date.
  editablecombobox-popup-background-open.png is up to date.
  editablecombobox-popup-background-open@2x.png is up to date.
  editablecombobox-popup-background-open@3x.png is up to date.
  frame-background-disabled.png is up to date.
  frame-background-disabled@2x.png is up to date.
  frame-background-disabled@3x.png is up to date.
  frame-background.png is up to date.
  frame-background@2x.png is up to date.
  frame-background@3x.png is up to date.
  itemdelegate-background-highlighted-hovered.png is up to date.
  itemdelegate-background-highlighted-hovered@2x.png is up to date.
  itemdelegate-background-highlighted-hovered@3x.png is up to date.
  itemdelegate-background-highlighted-pressed.png is up to date.
  itemdelegate-background-highlighted-pressed@2x.png is up to date.
  itemdelegate-background-highlighted-pressed@3x.png is up to date.
  itemdelegate-background-highlighted.png is up to date.
  itemdelegate-background-highlighted@2x.png is up to date.
  itemdelegate-background-highlighted@3x.png is up to date.
  itemdelegate-background-hovered.png is up to date.
  itemdelegate-background-hovered@2x.png is up to date.
  itemdelegate-background-hovered@3x.png is up to date.
  itemdelegate-background-pressed.png is up to date.
  itemdelegate-background-pressed@2x.png is up to date.
  itemdelegate-background-pressed@3x.png is up to date.
  pageindicatordelegate-indicator-delegate-current-hovered.png is up to date.
  pageindicatordelegate-indicator-delegate-current-hovered@2x.png is up to date.
  pageindicatordelegate-indicator-delegate-current-hovered@3x.png is up to date.
  pageindicatordelegate-indicator-delegate-current-pressed.png is up to date.
  pageindicatordelegate-indicator-delegate-current-pressed@2x.png is up to date.
  pageindicatordelegate-indicator-delegate-current-pressed@3x.png is up to date.
  pageindicatordelegate-indicator-delegate-current.png is up to date.
  pageindicatordelegate-indicator-delegate-current@2x.png is up to date.
  pageindicatordelegate-indicator-delegate-current@3x.png is up to date.
  pageindicatordelegate-indicator-delegate-pressed.png is up to date.
  pageindicatordelegate-indicator-delegate-pressed@2x.png is up to date.
  pageindicatordelegate-indicator-delegate-pressed@3x.png is up to date.
  pageindicatordelegate-indicator-disabled.png is up to date.
  pageindicatordelegate-indicator-disabled@2x.png is up to date.
  pageindicatordelegate-indicator-disabled@3x.png is up to date.
  pageindicatordelegate-indicator-hovered.png is up to date.
  pageindicatordelegate-indicator-hovered@2x.png is up to date.
  pageindicatordelegate-indicator-hovered@3x.png is up to date.
  pageindicatordelegate-indicator.png is up to date.
  pageindicatordelegate-indicator@2x.png is up to date.
  pageindicatordelegate-indicator@3x.png is up to date.
  popup-background.png is up to date.
  popup-background@2x.png is up to date.
  popup-background@3x.png is up to date.
  progressbar-groove-disabled.png is up to date.
  progressbar-groove-disabled@2x.png is up to date.
  progressbar-groove-disabled@3x.png is up to date.
  progressbar-groove.png is up to date.
  progressbar-groove@2x.png is up to date.
  progressbar-groove@3x.png is up to date.
  radiobutton-indicator-checked-disabled.png is up to date.
  radiobutton-indicator-checked-disabled@2x.png is up to date.
  radiobutton-indicator-checked-disabled@3x.png is up to date.
  radiobutton-indicator-checked-hovered.png is up to date.
  radiobutton-indicator-checked-hovered@2x.png is up to date.
  radiobutton-indicator-checked-hovered@3x.png is up to date.
  radiobutton-indicator-checked-pressed.png is up to date.
  radiobutton-indicator-checked-pressed@2x.png is up to date.
  radiobutton-indicator-checked-pressed@3x.png is up to date.
  radiobutton-indicator-checked.png is up to date.
  radiobutton-indicator-checked@2x.png is up to date.
  radiobutton-indicator-checked@3x.png is up to date.
  radiobutton-indicator-disabled.png is up to date.
  radiobutton-indicator-disabled@2x.png is up to date.
  radiobutton-indicator-disabled@3x.png is up to date.
  radiobutton-indicator-hovered.png is up to date.
  radiobutton-indicator-hovered@2x.png is up to date.
  radiobutton-indicator-hovered@3x.png is up to date.
  radiobutton-indicator-pressed.png is up to date.
  radiobutton-indicator-pressed@2x.png is up to date.
  radiobutton-indicator-pressed@3x.png is up to date.
  radiobutton-indicator.png is up to date.
  radiobutton-indicator@2x.png is up to date.
  radiobutton-indicator@3x.png is up to date.
  rangeslider-first-handle-disabled.png is up to date.
  rangeslider-first-handle-disabled@2x.png is up to date.
  rangeslider-first-handle-disabled@3x.png is up to date.
  rangeslider-first-handle-handle-pressed.png is up to date.
  rangeslider-first-handle-handle-pressed@2x.png is up to date.
  rangeslider-first-handle-handle-pressed@3x.png is up to date.
  rangeslider-first-handle-hovered.png is up to date.
  rangeslider-first-handle-hovered@2x.png is up to date.
  rangeslider-first-handle-hovered@3x.png is up to date.
  rangeslider-first-handle.png is up to date.
  rangeslider-first-handle@2x.png is up to date.
  rangeslider-first-handle@3x.png is up to date.
  rangeslider-groove-disabled.png is up to date.
  rangeslider-groove-disabled@2x.png is up to date.
  rangeslider-groove-disabled@3x.png is up to date.
  rangeslider-groove-handle-pressed.png is up to date.
  rangeslider-groove-handle-pressed@2x.png is up to date.
  rangeslider-groove-handle-pressed@3x.png is up to date.
  rangeslider-groove-hovered.png is up to date.
  rangeslider-groove-hovered@2x.png is up to date.
  rangeslider-groove-hovered@3x.png is up to date.
  rangeslider-groove.png is up to date.
  rangeslider-groove@2x.png is up to date.
  rangeslider-groove@3x.png is up to date.
  rangeslider-second-handle-disabled.png is up to date.
  rangeslider-second-handle-disabled@2x.png is up to date.
  rangeslider-second-handle-disabled@3x.png is up to date.
  rangeslider-second-handle-handle-pressed.png is up to date.
  rangeslider-second-handle-handle-pressed@2x.png is up to date.
  rangeslider-second-handle-handle-pressed@3x.png is up to date.
  rangeslider-second-handle-hovered.png is up to date.
  rangeslider-second-handle-hovered@2x.png is up to date.
  rangeslider-second-handle-hovered@3x.png is up to date.
  rangeslider-second-handle.png is up to date.
  rangeslider-second-handle@2x.png is up to date.
  rangeslider-second-handle@3x.png is up to date.
  slider-groove-disabled.png is up to date.
  slider-groove-disabled@2x.png is up to date.
  slider-groove-disabled@3x.png is up to date.
  slider-groove-hovered.png is up to date.
  slider-groove-hovered@2x.png is up to date.
  slider-groove-hovered@3x.png is up to date.
  slider-groove-pressed.png is up to date.
  slider-groove-pressed@2x.png is up to date.
  slider-groove-pressed@3x.png is up to date.
  slider-groove.png is up to date.
  slider-groove@2x.png is up to date.
  slider-groove@3x.png is up to date.
  slider-handle-disabled.png is up to date.
  slider-handle-disabled@2x.png is up to date.
  slider-handle-disabled@3x.png is up to date.
  slider-handle-hovered.png is up to date.
  slider-handle-hovered@2x.png is up to date.
  slider-handle-hovered@3x.png is up to date.
  slider-handle-pressed.png is up to date.
  slider-handle-pressed@2x.png is up to date.
  slider-handle-pressed@3x.png is up to date.
  slider-handle.png is up to date.
  slider-handle@2x.png is up to date.
  slider-handle@3x.png is up to date.
  spinbox-background-atlimit.png is up to date.
  spinbox-background-atlimit@2x.png is up to date.
  spinbox-background-atlimit@3x.png is up to date.
  spinbox-background-disabled.png is up to date.
  spinbox-background-disabled@2x.png is up to date.
  spinbox-background-disabled@3x.png is up to date.
  spinbox-background-down-hovered.png is up to date.
  spinbox-background-down-hovered@2x.png is up to date.
  spinbox-background-down-hovered@3x.png is up to date.
  spinbox-background-down-pressed.png is up to date.
  spinbox-background-down-pressed@2x.png is up to date.
  spinbox-background-down-pressed@3x.png is up to date.
  spinbox-background-hovered.png is up to date.
  spinbox-background-hovered@2x.png is up to date.
  spinbox-background-hovered@3x.png is up to date.
  spinbox-background-up-hovered.png is up to date.
  spinbox-background-up-hovered@2x.png is up to date.
  spinbox-background-up-hovered@3x.png is up to date.
  spinbox-background-up-pressed.png is up to date.
  spinbox-background-up-pressed@2x.png is up to date.
  spinbox-background-up-pressed@3x.png is up to date.
  spinbox-background.png is up to date.
  spinbox-background@2x.png is up to date.
  spinbox-background@3x.png is up to date.
  spinbox-indicator-down-background-atlimit.png is up to date.
  spinbox-indicator-down-background-atlimit@2x.png is up to date.
  spinbox-indicator-down-background-atlimit@3x.png is up to date.
  spinbox-indicator-down-background-disabled.png is up to date.
  spinbox-indicator-down-background-disabled@2x.png is up to date.
  spinbox-indicator-down-background-disabled@3x.png is up to date.
  spinbox-indicator-down-background-down-hovered.png is up to date.
  spinbox-indicator-down-background-down-hovered@2x.png is up to date.
  spinbox-indicator-down-background-down-hovered@3x.png is up to date.
  spinbox-indicator-down-background-down-pressed.png is up to date.
  spinbox-indicator-down-background-down-pressed@2x.png is up to date.
  spinbox-indicator-down-background-down-pressed@3x.png is up to date.
  spinbox-indicator-down-background-hovered.png is up to date.
  spinbox-indicator-down-background-hovered@2x.png is up to date.
  spinbox-indicator-down-background-hovered@3x.png is up to date.
  spinbox-indicator-down-background-up-hovered.png is up to date.
  spinbox-indicator-down-background-up-hovered@2x.png is up to date.
  spinbox-indicator-down-background-up-hovered@3x.png is up to date.
  spinbox-indicator-down-background-up-pressed.png is up to date.
  spinbox-indicator-down-background-up-pressed@2x.png is up to date.
  spinbox-indicator-down-background-up-pressed@3x.png is up to date.
  spinbox-indicator-down-background.png is up to date.
  spinbox-indicator-down-background@2x.png is up to date.
  spinbox-indicator-down-background@3x.png is up to date.
  spinbox-indicator-down-icon-atlimit.png is up to date.
  spinbox-indicator-down-icon-atlimit@2x.png is up to date.
  spinbox-indicator-down-icon-atlimit@3x.png is up to date.
  spinbox-indicator-down-icon-disabled.png is up to date.
  spinbox-indicator-down-icon-disabled@2x.png is up to date.
  spinbox-indicator-down-icon-disabled@3x.png is up to date.
  spinbox-indicator-down-icon-down-hovered.png is up to date.
  spinbox-indicator-down-icon-down-hovered@2x.png is up to date.
  spinbox-indicator-down-icon-down-hovered@3x.png is up to date.
  spinbox-indicator-down-icon-down-pressed.png is up to date.
  spinbox-indicator-down-icon-down-pressed@2x.png is up to date.
  spinbox-indicator-down-icon-down-pressed@3x.png is up to date.
  spinbox-indicator-down-icon-hovered.png is up to date.
  spinbox-indicator-down-icon-hovered@2x.png is up to date.
  spinbox-indicator-down-icon-hovered@3x.png is up to date.
  spinbox-indicator-down-icon-up-hovered.png is up to date.
  spinbox-indicator-down-icon-up-hovered@2x.png is up to date.
  spinbox-indicator-down-icon-up-hovered@3x.png is up to date.
  spinbox-indicator-down-icon-up-pressed.png is up to date.
  spinbox-indicator-down-icon-up-pressed@2x.png is up to date.
  spinbox-indicator-down-icon-up-pressed@3x.png is up to date.
  spinbox-indicator-down-icon.png is up to date.
  spinbox-indicator-down-icon@2x.png is up to date.
  spinbox-indicator-down-icon@3x.png is up to date.
  spinbox-indicator-up-background-atlimit.png is up to date.
  spinbox-indicator-up-background-atlimit@2x.png is up to date.
  spinbox-indicator-up-background-atlimit@3x.png is up to date.
  spinbox-indicator-up-background-disabled.png is up to date.
  spinbox-indicator-up-background-disabled@2x.png is up to date.
  spinbox-indicator-up-background-disabled@3x.png is up to date.
  spinbox-indicator-up-background-down-hovered.png is up to date.
  spinbox-indicator-up-background-down-hovered@2x.png is up to date.
  spinbox-indicator-up-background-down-hovered@3x.png is up to date.
  spinbox-indicator-up-background-down-pressed.png is up to date.
  spinbox-indicator-up-background-down-pressed@2x.png is up to date.
  spinbox-indicator-up-background-down-pressed@3x.png is up to date.
  spinbox-indicator-up-background-hovered.png is up to date.
  spinbox-indicator-up-background-hovered@2x.png is up to date.
  spinbox-indicator-up-background-hovered@3x.png is up to date.
  spinbox-indicator-up-background-up-hovered.png is up to date.
  spinbox-indicator-up-background-up-hovered@2x.png is up to date.
  spinbox-indicator-up-background-up-hovered@3x.png is up to date.
  spinbox-indicator-up-background-up-pressed.png is up to date.
  spinbox-indicator-up-background-up-pressed@2x.png is up to date.
  spinbox-indicator-up-background-up-pressed@3x.png is up to date.
  spinbox-indicator-up-background.png is up to date.
  spinbox-indicator-up-background@2x.png is up to date.
  spinbox-indicator-up-background@3x.png is up to date.
  spinbox-indicator-up-icon-atlimit.png is up to date.
  spinbox-indicator-up-icon-atlimit@2x.png is up to date.
  spinbox-indicator-up-icon-atlimit@3x.png is up to date.
  spinbox-indicator-up-icon-disabled.png is up to date.
  spinbox-indicator-up-icon-disabled@2x.png is up to date.
  spinbox-indicator-up-icon-disabled@3x.png is up to date.
  spinbox-indicator-up-icon-down-hovered.png is up to date.
  spinbox-indicator-up-icon-down-hovered@2x.png is up to date.
  spinbox-indicator-up-icon-down-hovered@3x.png is up to date.
  spinbox-indicator-up-icon-down-pressed.png is up to date.
  spinbox-indicator-up-icon-down-pressed@2x.png is up to date.
  spinbox-indicator-up-icon-down-pressed@3x.png is up to date.
  spinbox-indicator-up-icon-hovered.png is up to date.
  spinbox-indicator-up-icon-hovered@2x.png is up to date.
  spinbox-indicator-up-icon-hovered@3x.png is up to date.
  spinbox-indicator-up-icon-up-hovered.png is up to date.
  spinbox-indicator-up-icon-up-hovered@2x.png is up to date.
  spinbox-indicator-up-icon-up-hovered@3x.png is up to date.
  spinbox-indicator-up-icon-up-pressed.png is up to date.
  spinbox-indicator-up-icon-up-pressed@2x.png is up to date.
  spinbox-indicator-up-icon-up-pressed@3x.png is up to date.
  spinbox-indicator-up-icon.png is up to date.
  spinbox-indicator-up-icon@2x.png is up to date.
  spinbox-indicator-up-icon@3x.png is up to date.
  textarea-background-disabled.png is up to date.
  textarea-background-disabled@2x.png is up to date.
  textarea-background-disabled@3x.png is up to date.
  textarea-background-focused.png is up to date.
  textarea-background-focused@2x.png is up to date.
  textarea-background-focused@3x.png is up to date.
  textarea-background-hovered.png is up to date.
  textarea-background-hovered@2x.png is up to date.
  textarea-background-hovered@3x.png is up to date.
  textarea-background.png is up to date.
  textarea-background@2x.png is up to date.
  textarea-background@3x.png is up to date.
  textfield-background-disabled.png is up to date.
  textfield-background-disabled@2x.png is up to date.
  textfield-background-disabled@3x.png is up to date.
  textfield-background-focused.png is up to date.
  textfield-background-focused@2x.png is up to date.
  textfield-background-focused@3x.png is up to date.
  textfield-background-hovered.png is up to date.
  textfield-background-hovered@2x.png is up to date.
  textfield-background-hovered@3x.png is up to date.
  textfield-background.png is up to date.
  textfield-background@2x.png is up to date.
  textfield-background@3x.png is up to date.
  checkmark.png is up to date.
  checkmark@2x.png is up to date.
  checkmark@3x.png is up to date.
  close_big.png is up to date.
  close_big@2x.png is up to date.
  close_big@3x.png is up to date.
  menuarrow.png is up to date.
  menuarrow@2x.png is up to date.
  menuarrow@3x.png is up to date.
  search-magnifier.png is up to date.
  search-magnifier@2x.png is up to date.
  search-magnifier@3x.png is up to date.
  checkbox-indicator-checked-disabled.png is up to date.
  checkbox-indicator-checked-disabled@2x.png is up to date.
  checkbox-indicator-checked-disabled@3x.png is up to date.
  checkbox-indicator-checked-hovered.png is up to date.
  checkbox-indicator-checked-hovered@2x.png is up to date.
  checkbox-indicator-checked-hovered@3x.png is up to date.
  checkbox-indicator-checked-pressed.png is up to date.
  checkbox-indicator-checked-pressed@2x.png is up to date.
  checkbox-indicator-checked-pressed@3x.png is up to date.
  checkbox-indicator-checked.png is up to date.
  checkbox-indicator-checked@2x.png is up to date.
  checkbox-indicator-checked@3x.png is up to date.
  checkbox-indicator-disabled-partiallyChecked.png is up to date.
  checkbox-indicator-disabled-partiallyChecked@2x.png is up to date.
  checkbox-indicator-disabled-partiallyChecked@3x.png is up to date.
  checkbox-indicator-disabled.png is up to date.
  checkbox-indicator-disabled@2x.png is up to date.
  checkbox-indicator-disabled@3x.png is up to date.
  checkbox-indicator-hovered-partiallyChecked.png is up to date.
  checkbox-indicator-hovered-partiallyChecked@2x.png is up to date.
  checkbox-indicator-hovered-partiallyChecked@3x.png is up to date.
  checkbox-indicator-hovered.png is up to date.
  checkbox-indicator-hovered@2x.png is up to date.
  checkbox-indicator-hovered@3x.png is up to date.
  checkbox-indicator-partiallyChecked-pressed.png is up to date.
  checkbox-indicator-partiallyChecked-pressed@2x.png is up to date.
  checkbox-indicator-partiallyChecked-pressed@3x.png is up to date.
  checkbox-indicator-partiallyChecked.png is up to date.
  checkbox-indicator-partiallyChecked@2x.png is up to date.
  checkbox-indicator-partiallyChecked@3x.png is up to date.
  checkbox-indicator-pressed.png is up to date.
  checkbox-indicator-pressed@2x.png is up to date.
  checkbox-indicator-pressed@3x.png is up to date.
  checkbox-indicator.png is up to date.
  checkbox-indicator@2x.png is up to date.
  checkbox-indicator@3x.png is up to date.
  combobox-background-disabled.png is up to date.
  combobox-background-disabled@2x.png is up to date.
  combobox-background-disabled@3x.png is up to date.
  combobox-background-focused.png is up to date.
  combobox-background-focused@2x.png is up to date.
  combobox-background-focused@3x.png is up to date.
  combobox-background-hovered-open.png is up to date.
  combobox-background-hovered-open@2x.png is up to date.
  combobox-background-hovered-open@3x.png is up to date.
  combobox-background-hovered.png is up to date.
  combobox-background-hovered@2x.png is up to date.
  combobox-background-hovered@3x.png is up to date.
  combobox-background-open-pressed.png is up to date.
  combobox-background-open-pressed@2x.png is up to date.
  combobox-background-open-pressed@3x.png is up to date.
  combobox-background-open.png is up to date.
  combobox-background-open@2x.png is up to date.
  combobox-background-open@3x.png is up to date.
  combobox-background-pressed.png is up to date.
  combobox-background-pressed@2x.png is up to date.
  combobox-background-pressed@3x.png is up to date.
  combobox-background.png is up to date.
  combobox-background@2x.png is up to date.
  combobox-background@3x.png is up to date.
  combobox-indicator-disabled.png is up to date.
  combobox-indicator-disabled@2x.png is up to date.
  combobox-indicator-disabled@3x.png is up to date.
  combobox-indicator-focused.png is up to date.
  combobox-indicator-focused@2x.png is up to date.
  combobox-indicator-focused@3x.png is up to date.
  combobox-indicator-hovered-open.png is up to date.
  combobox-indicator-hovered-open@2x.png is up to date.
  combobox-indicator-hovered-open@3x.png is up to date.
  combobox-indicator-hovered.png is up to date.
  combobox-indicator-hovered@2x.png is up to date.
  combobox-indicator-hovered@3x.png is up to date.
  combobox-indicator-open-pressed.png is up to date.
  combobox-indicator-open-pressed@2x.png is up to date.
  combobox-indicator-open-pressed@3x.png is up to date.
  combobox-indicator-open.png is up to date.
  combobox-indicator-open@2x.png is up to date.
  combobox-indicator-open@3x.png is up to date.
  combobox-indicator-pressed.png is up to date.
  combobox-indicator-pressed@2x.png is up to date.
  combobox-indicator-pressed@3x.png is up to date.
  combobox-indicator.png is up to date.
  combobox-indicator@2x.png is up to date.
  combobox-indicator@3x.png is up to date.
  editablecombobox-background-hovered-open.png is up to date.
  editablecombobox-background-hovered-open@2x.png is up to date.
  editablecombobox-background-hovered-open@3x.png is up to date.
  editablecombobox-background-open-pressed.png is up to date.
  editablecombobox-background-open-pressed@2x.png is up to date.
  editablecombobox-background-open-pressed@3x.png is up to date.
  editablecombobox-background-open.png is up to date.
  editablecombobox-background-open@2x.png is up to date.
  editablecombobox-background-open@3x.png is up to date.
  editablecombobox-indicator-hovered-open.png is up to date.
  editablecombobox-indicator-hovered-open@2x.png is up to date.
  editablecombobox-indicator-hovered-open@3x.png is up to date.
  editablecombobox-indicator-open-pressed.png is up to date.
  editablecombobox-indicator-open-pressed@2x.png is up to date.
  editablecombobox-indicator-open-pressed@3x.png is up to date.
  editablecombobox-indicator-open.png is up to date.
  editablecombobox-indicator-open@2x.png is up to date.
  editablecombobox-indicator-open@3x.png is up to date.
  editablecombobox-popup-background-hovered-open.png is up to date.
  editablecombobox-popup-background-hovered-open@2x.png is up to date.
  editablecombobox-popup-background-hovered-open@3x.png is up to date.
  editablecombobox-popup-background-open-pressed.png is up to date.
  editablecombobox-popup-background-open-pressed@2x.png is up to date.
  editablecombobox-popup-background-open-pressed@3x.png is up to date.
  editablecombobox-popup-background-open.png is up to date.
  editablecombobox-popup-background-open@2x.png is up to date.
  editablecombobox-popup-background-open@3x.png is up to date.
  frame-background-disabled.png is up to date.
  frame-background-disabled@2x.png is up to date.
  frame-background-disabled@3x.png is up to date.
  frame-background.png is up to date.
  frame-background@2x.png is up to date.
  frame-background@3x.png is up to date.
  itemdelegate-background-highlighted-hovered.png is up to date.
  itemdelegate-background-highlighted-hovered@2x.png is up to date.
  itemdelegate-background-highlighted-hovered@3x.png is up to date.
  itemdelegate-background-highlighted-pressed.png is up to date.
  itemdelegate-background-highlighted-pressed@2x.png is up to date.
  itemdelegate-background-highlighted-pressed@3x.png is up to date.
  itemdelegate-background-highlighted.png is up to date.
  itemdelegate-background-highlighted@2x.png is up to date.
  itemdelegate-background-highlighted@3x.png is up to date.
  itemdelegate-background-hovered.png is up to date.
  itemdelegate-background-hovered@2x.png is up to date.
  itemdelegate-background-hovered@3x.png is up to date.
  itemdelegate-background-pressed.png is up to date.
  itemdelegate-background-pressed@2x.png is up to date.
  itemdelegate-background-pressed@3x.png is up to date.
  pageindicatordelegate-indicator-delegate-current-hovered.png is up to date.
  pageindicatordelegate-indicator-delegate-current-hovered@2x.png is up to date.
  pageindicatordelegate-indicator-delegate-current-hovered@3x.png is up to date.
  pageindicatordelegate-indicator-delegate-current-pressed.png is up to date.
  pageindicatordelegate-indicator-delegate-current-pressed@2x.png is up to date.
  pageindicatordelegate-indicator-delegate-current-pressed@3x.png is up to date.
  pageindicatordelegate-indicator-delegate-current.png is up to date.
  pageindicatordelegate-indicator-delegate-current@2x.png is up to date.
  pageindicatordelegate-indicator-delegate-current@3x.png is up to date.
  pageindicatordelegate-indicator-delegate-pressed.png is up to date.
  pageindicatordelegate-indicator-delegate-pressed@2x.png is up to date.
  pageindicatordelegate-indicator-delegate-pressed@3x.png is up to date.
  pageindicatordelegate-indicator-disabled.png is up to date.
  pageindicatordelegate-indicator-disabled@2x.png is up to date.
  pageindicatordelegate-indicator-disabled@3x.png is up to date.
  pageindicatordelegate-indicator-hovered.png is up to date.
  pageindicatordelegate-indicator-hovered@2x.png is up to date.
  pageindicatordelegate-indicator-hovered@3x.png is up to date.
  pageindicatordelegate-indicator.png is up to date.
  pageindicatordelegate-indicator@2x.png is up to date.
  pageindicatordelegate-indicator@3x.png is up to date.
  popup-background.png is up to date.
  popup-background@2x.png is up to date.
  popup-background@3x.png is up to date.
  progressbar-groove-disabled.png is up to date.
  progressbar-groove-disabled@2x.png is up to date.
  progressbar-groove-disabled@3x.png is up to date.
  progressbar-groove.png is up to date.
  progressbar-groove@2x.png is up to date.
  progressbar-groove@3x.png is up to date.
  radiobutton-indicator-checked-disabled.png is up to date.
  radiobutton-indicator-checked-disabled@2x.png is up to date.
  radiobutton-indicator-checked-disabled@3x.png is up to date.
  radiobutton-indicator-checked-hovered.png is up to date.
  radiobutton-indicator-checked-hovered@2x.png is up to date.
  radiobutton-indicator-checked-hovered@3x.png is up to date.
  radiobutton-indicator-checked-pressed.png is up to date.
  radiobutton-indicator-checked-pressed@2x.png is up to date.
  radiobutton-indicator-checked-pressed@3x.png is up to date.
  radiobutton-indicator-checked.png is up to date.
  radiobutton-indicator-checked@2x.png is up to date.
  radiobutton-indicator-checked@3x.png is up to date.
  radiobutton-indicator-disabled.png is up to date.
  radiobutton-indicator-disabled@2x.png is up to date.
  radiobutton-indicator-disabled@3x.png is up to date.
  radiobutton-indicator-hovered.png is up to date.
  radiobutton-indicator-hovered@2x.png is up to date.
  radiobutton-indicator-hovered@3x.png is up to date.
  radiobutton-indicator-pressed.png is up to date.
  radiobutton-indicator-pressed@2x.png is up to date.
  radiobutton-indicator-pressed@3x.png is up to date.
  radiobutton-indicator.png is up to date.
  radiobutton-indicator@2x.png is up to date.
  radiobutton-indicator@3x.png is up to date.
  rangeslider-first-handle-disabled.png is up to date.
  rangeslider-first-handle-disabled@2x.png is up to date.
  rangeslider-first-handle-disabled@3x.png is up to date.
  rangeslider-first-handle-handle-pressed.png is up to date.
  rangeslider-first-handle-handle-pressed@2x.png is up to date.
  rangeslider-first-handle-handle-pressed@3x.png is up to date.
  rangeslider-first-handle-hovered.png is up to date.
  rangeslider-first-handle-hovered@2x.png is up to date.
  rangeslider-first-handle-hovered@3x.png is up to date.
  rangeslider-first-handle.png is up to date.
  rangeslider-first-handle@2x.png is up to date.
  rangeslider-first-handle@3x.png is up to date.
  rangeslider-groove-disabled.png is up to date.
  rangeslider-groove-disabled@2x.png is up to date.
  rangeslider-groove-disabled@3x.png is up to date.
  rangeslider-groove-handle-pressed.png is up to date.
  rangeslider-groove-handle-pressed@2x.png is up to date.
  rangeslider-groove-handle-pressed@3x.png is up to date.
  rangeslider-groove-hovered.png is up to date.
  rangeslider-groove-hovered@2x.png is up to date.
  rangeslider-groove-hovered@3x.png is up to date.
  rangeslider-groove.png is up to date.
  rangeslider-groove@2x.png is up to date.
  rangeslider-groove@3x.png is up to date.
  rangeslider-second-handle-disabled.png is up to date.
  rangeslider-second-handle-disabled@2x.png is up to date.
  rangeslider-second-handle-disabled@3x.png is up to date.
  rangeslider-second-handle-handle-pressed.png is up to date.
  rangeslider-second-handle-handle-pressed@2x.png is up to date.
  rangeslider-second-handle-handle-pressed@3x.png is up to date.
  rangeslider-second-handle-hovered.png is up to date.
  rangeslider-second-handle-hovered@2x.png is up to date.
  rangeslider-second-handle-hovered@3x.png is up to date.
  rangeslider-second-handle.png is up to date.
  rangeslider-second-handle@2x.png is up to date.
  rangeslider-second-handle@3x.png is up to date.
  slider-groove-disabled.png is up to date.
  slider-groove-disabled@2x.png is up to date.
  slider-groove-disabled@3x.png is up to date.
  slider-groove-hovered.png is up to date.
  slider-groove-hovered@2x.png is up to date.
  slider-groove-hovered@3x.png is up to date.
  slider-groove-pressed.png is up to date.
  slider-groove-pressed@2x.png is up to date.
  slider-groove-pressed@3x.png is up to date.
  slider-groove.png is up to date.
  slider-groove@2x.png is up to date.
  slider-groove@3x.png is up to date.
  slider-handle-disabled.png is up to date.
  slider-handle-disabled@2x.png is up to date.
  slider-handle-disabled@3x.png is up to date.
  slider-handle-hovered.png is up to date.
  slider-handle-hovered@2x.png is up to date.
  slider-handle-hovered@3x.png is up to date.
  slider-handle-pressed.png is up to date.
  slider-handle-pressed@2x.png is up to date.
  slider-handle-pressed@3x.png is up to date.
  slider-handle.png is up to date.
  slider-handle@2x.png is up to date.
  slider-handle@3x.png is up to date.
  spinbox-background-atlimit.png is up to date.
  spinbox-background-atlimit@2x.png is up to date.
  spinbox-background-atlimit@3x.png is up to date.
  spinbox-background-disabled.png is up to date.
  spinbox-background-disabled@2x.png is up to date.
  spinbox-background-disabled@3x.png is up to date.
  spinbox-background-down-hovered.png is up to date.
  spinbox-background-down-hovered@2x.png is up to date.
  spinbox-background-down-hovered@3x.png is up to date.
  spinbox-background-down-pressed.png is up to date.
  spinbox-background-down-pressed@2x.png is up to date.
  spinbox-background-down-pressed@3x.png is up to date.
  spinbox-background-hovered.png is up to date.
  spinbox-background-hovered@2x.png is up to date.
  spinbox-background-hovered@3x.png is up to date.
  spinbox-background-up-hovered.png is up to date.
  spinbox-background-up-hovered@2x.png is up to date.
  spinbox-background-up-hovered@3x.png is up to date.
  spinbox-background-up-pressed.png is up to date.
  spinbox-background-up-pressed@2x.png is up to date.
  spinbox-background-up-pressed@3x.png is up to date.
  spinbox-background.png is up to date.
  spinbox-background@2x.png is up to date.
  spinbox-background@3x.png is up to date.
  spinbox-indicator-down-background-atlimit.png is up to date.
  spinbox-indicator-down-background-atlimit@2x.png is up to date.
  spinbox-indicator-down-background-atlimit@3x.png is up to date.
  spinbox-indicator-down-background-disabled.png is up to date.
  spinbox-indicator-down-background-disabled@2x.png is up to date.
  spinbox-indicator-down-background-disabled@3x.png is up to date.
  spinbox-indicator-down-background-down-hovered.png is up to date.
  spinbox-indicator-down-background-down-hovered@2x.png is up to date.
  spinbox-indicator-down-background-down-hovered@3x.png is up to date.
  spinbox-indicator-down-background-down-pressed.png is up to date.
  spinbox-indicator-down-background-down-pressed@2x.png is up to date.
  spinbox-indicator-down-background-down-pressed@3x.png is up to date.
  spinbox-indicator-down-background-hovered.png is up to date.
  spinbox-indicator-down-background-hovered@2x.png is up to date.
  spinbox-indicator-down-background-hovered@3x.png is up to date.
  spinbox-indicator-down-background-up-hovered.png is up to date.
  spinbox-indicator-down-background-up-hovered@2x.png is up to date.
  spinbox-indicator-down-background-up-hovered@3x.png is up to date.
  spinbox-indicator-down-background-up-pressed.png is up to date.
  spinbox-indicator-down-background-up-pressed@2x.png is up to date.
  spinbox-indicator-down-background-up-pressed@3x.png is up to date.
  spinbox-indicator-down-background.png is up to date.
  spinbox-indicator-down-background@2x.png is up to date.
  spinbox-indicator-down-background@3x.png is up to date.
  spinbox-indicator-down-icon-atlimit.png is up to date.
  spinbox-indicator-down-icon-atlimit@2x.png is up to date.
  spinbox-indicator-down-icon-atlimit@3x.png is up to date.
  spinbox-indicator-down-icon-disabled.png is up to date.
  spinbox-indicator-down-icon-disabled@2x.png is up to date.
  spinbox-indicator-down-icon-disabled@3x.png is up to date.
  spinbox-indicator-down-icon-down-hovered.png is up to date.
  spinbox-indicator-down-icon-down-hovered@2x.png is up to date.
  spinbox-indicator-down-icon-down-hovered@3x.png is up to date.
  spinbox-indicator-down-icon-down-pressed.png is up to date.
  spinbox-indicator-down-icon-down-pressed@2x.png is up to date.
  spinbox-indicator-down-icon-down-pressed@3x.png is up to date.
  spinbox-indicator-down-icon-hovered.png is up to date.
  spinbox-indicator-down-icon-hovered@2x.png is up to date.
  spinbox-indicator-down-icon-hovered@3x.png is up to date.
  spinbox-indicator-down-icon-up-hovered.png is up to date.
  spinbox-indicator-down-icon-up-hovered@2x.png is up to date.
  spinbox-indicator-down-icon-up-hovered@3x.png is up to date.
  spinbox-indicator-down-icon-up-pressed.png is up to date.
  spinbox-indicator-down-icon-up-pressed@2x.png is up to date.
  spinbox-indicator-down-icon-up-pressed@3x.png is up to date.
  spinbox-indicator-down-icon.png is up to date.
  spinbox-indicator-down-icon@2x.png is up to date.
  spinbox-indicator-down-icon@3x.png is up to date.
  spinbox-indicator-up-background-atlimit.png is up to date.
  spinbox-indicator-up-background-atlimit@2x.png is up to date.
  spinbox-indicator-up-background-atlimit@3x.png is up to date.
  spinbox-indicator-up-background-disabled.png is up to date.
  spinbox-indicator-up-background-disabled@2x.png is up to date.
  spinbox-indicator-up-background-disabled@3x.png is up to date.
  spinbox-indicator-up-background-down-hovered.png is up to date.
  spinbox-indicator-up-background-down-hovered@2x.png is up to date.
  spinbox-indicator-up-background-down-hovered@3x.png is up to date.
  spinbox-indicator-up-background-down-pressed.png is up to date.
  spinbox-indicator-up-background-down-pressed@2x.png is up to date.
  spinbox-indicator-up-background-down-pressed@3x.png is up to date.
  spinbox-indicator-up-background-hovered.png is up to date.
  spinbox-indicator-up-background-hovered@2x.png is up to date.
  spinbox-indicator-up-background-hovered@3x.png is up to date.
  spinbox-indicator-up-background-up-hovered.png is up to date.
  spinbox-indicator-up-background-up-hovered@2x.png is up to date.
  spinbox-indicator-up-background-up-hovered@3x.png is up to date.
  spinbox-indicator-up-background-up-pressed.png is up to date.
  spinbox-indicator-up-background-up-pressed@2x.png is up to date.
  spinbox-indicator-up-background-up-pressed@3x.png is up to date.
  spinbox-indicator-up-background.png is up to date.
  spinbox-indicator-up-background@2x.png is up to date.
  spinbox-indicator-up-background@3x.png is up to date.
  spinbox-indicator-up-icon-atlimit.png is up to date.
  spinbox-indicator-up-icon-atlimit@2x.png is up to date.
  spinbox-indicator-up-icon-atlimit@3x.png is up to date.
  spinbox-indicator-up-icon-disabled.png is up to date.
  spinbox-indicator-up-icon-disabled@2x.png is up to date.
  spinbox-indicator-up-icon-disabled@3x.png is up to date.
  spinbox-indicator-up-icon-down-hovered.png is up to date.
  spinbox-indicator-up-icon-down-hovered@2x.png is up to date.
  spinbox-indicator-up-icon-down-hovered@3x.png is up to date.
  spinbox-indicator-up-icon-down-pressed.png is up to date.
  spinbox-indicator-up-icon-down-pressed@2x.png is up to date.
  spinbox-indicator-up-icon-down-pressed@3x.png is up to date.
  spinbox-indicator-up-icon-hovered.png is up to date.
  spinbox-indicator-up-icon-hovered@2x.png is up to date.
  spinbox-indicator-up-icon-hovered@3x.png is up to date.
  spinbox-indicator-up-icon-up-hovered.png is up to date.
  spinbox-indicator-up-icon-up-hovered@2x.png is up to date.
  spinbox-indicator-up-icon-up-hovered@3x.png is up to date.
  spinbox-indicator-up-icon-up-pressed.png is up to date.
  spinbox-indicator-up-icon-up-pressed@2x.png is up to date.
  spinbox-indicator-up-icon-up-pressed@3x.png is up to date.
  spinbox-indicator-up-icon.png is up to date.
  spinbox-indicator-up-icon@2x.png is up to date.
  spinbox-indicator-up-icon@3x.png is up to date.
  textarea-background-disabled.png is up to date.
  textarea-background-disabled@2x.png is up to date.
  textarea-background-disabled@3x.png is up to date.
  textarea-background-focused.png is up to date.
  textarea-background-focused@2x.png is up to date.
  textarea-background-focused@3x.png is up to date.
  textarea-background-hovered.png is up to date.
  textarea-background-hovered@2x.png is up to date.
  textarea-background-hovered@3x.png is up to date.
  textarea-background.png is up to date.
  textarea-background@2x.png is up to date.
  textarea-background@3x.png is up to date.
  textfield-background-disabled.png is up to date.
  textfield-background-disabled@2x.png is up to date.
  textfield-background-disabled@3x.png is up to date.
  textfield-background-focused.png is up to date.
  textfield-background-focused@2x.png is up to date.
  textfield-background-focused@3x.png is up to date.
  textfield-background-hovered.png is up to date.
  textfield-background-hovered@2x.png is up to date.
  textfield-background-hovered@3x.png is up to date.
  textfield-background.png is up to date.
  textfield-background@2x.png is up to date.
  textfield-background@3x.png is up to date.
  qtquickcontrols2windowsstyleplugin.dll is up to date.
  ApplicationWindow.qml is up to date.
  Button.qml is up to date.
  CheckBox.qml is up to date.
  CheckDelegate.qml is up to date.
  ComboBox.qml is up to date.
  DelayButton.qml is up to date.
  Frame.qml is up to date.
  GroupBox.qml is up to date.
  ItemDelegate.qml is up to date.
  Menu.qml is up to date.
  MenuBar.qml is up to date.
  MenuBarItem.qml is up to date.
  MenuItem.qml is up to date.
  MenuSeparator.qml is up to date.
  plugins.qmltypes is up to date.
  ProgressBar.qml is up to date.
  qmldir is up to date.
  RadioButton.qml is up to date.
  RadioDelegate.qml is up to date.
  RangeSlider.qml is up to date.
  ScrollBar.qml is up to date.
  ScrollIndicator.qml is up to date.
  ScrollView.qml is up to date.
  SearchField.qml is up to date.
  SelectionRectangle.qml is up to date.
  Slider.qml is up to date.
  SpinBox.qml is up to date.
  Switch.qml is up to date.
  SwitchDelegate.qml is up to date.
  TextArea.qml is up to date.
  TextField.qml is up to date.
  checkmark.png is up to date.
  checkmark@2x.png is up to date.
  checkmark@3x.png is up to date.
  close_big.png is up to date.
  close_big@2x.png is up to date.
  close_big@3x.png is up to date.
  menuarrow.png is up to date.
  menuarrow@2x.png is up to date.
  menuarrow@3x.png is up to date.
  search-magnifier.png is up to date.
  search-magnifier@2x.png is up to date.
  search-magnifier@3x.png is up to date.
  qtquickcontrols2basicstyleplugin.dll is up to date.
  AbstractButton.qml is up to date.
  Action.qml is up to date.
  ActionGroup.qml is up to date.
  ApplicationWindow.qml is up to date.
  BusyIndicator.qml is up to date.
  Button.qml is up to date.
  ButtonGroup.qml is up to date.
  Calendar.qml is up to date.
  CalendarModel.qml is up to date.
  CheckBox.qml is up to date.
  CheckDelegate.qml is up to date.
  ComboBox.qml is up to date.
  Container.qml is up to date.
  Control.qml is up to date.
  DayOfWeekRow.qml is up to date.
  DelayButton.qml is up to date.
  Dial.qml is up to date.
  Dialog.qml is up to date.
  DialogButtonBox.qml is up to date.
  Drawer.qml is up to date.
  Frame.qml is up to date.
  GroupBox.qml is up to date.
  HorizontalHeaderView.qml is up to date.
  HorizontalHeaderViewDelegate.qml is up to date.
  ItemDelegate.qml is up to date.
  Label.qml is up to date.
  Menu.qml is up to date.
  MenuBar.qml is up to date.
  MenuBarItem.qml is up to date.
  MenuItem.qml is up to date.
  MenuSeparator.qml is up to date.
  MonthGrid.qml is up to date.
  Page.qml is up to date.
  PageIndicator.qml is up to date.
  Pane.qml is up to date.
  plugins.qmltypes is up to date.
  Popup.qml is up to date.
  ProgressBar.qml is up to date.
  qmldir is up to date.
  RadioButton.qml is up to date.
  RadioDelegate.qml is up to date.
  RangeSlider.qml is up to date.
  RoundButton.qml is up to date.
  ScrollBar.qml is up to date.
  ScrollIndicator.qml is up to date.
  ScrollView.qml is up to date.
  SearchField.qml is up to date.
  SelectionRectangle.qml is up to date.
  Slider.qml is up to date.
  SpinBox.qml is up to date.
  SplitView.qml is up to date.
  StackView.qml is up to date.
  SwipeDelegate.qml is up to date.
  SwipeView.qml is up to date.
  Switch.qml is up to date.
  SwitchDelegate.qml is up to date.
  TabBar.qml is up to date.
  TabButton.qml is up to date.
  TableViewDelegate.qml is up to date.
  TextArea.qml is up to date.
  TextField.qml is up to date.
  ToolBar.qml is up to date.
  ToolButton.qml is up to date.
  ToolSeparator.qml is up to date.
  ToolTip.qml is up to date.
  TreeViewDelegate.qml is up to date.
  Tumbler.qml is up to date.
  VerticalHeaderView.qml is up to date.
  VerticalHeaderViewDelegate.qml is up to date.
  WeekNumberColumn.qml is up to date.
  qtquicktemplates2plugin.dll is up to date.
  plugins.qmltypes is up to date.
  qmldir is up to date.
  qtquickcontrols2implplugin.dll is up to date.
  plugins.qmltypes is up to date.
  qmldir is up to date.
  qtquickcontrols2fusionstyleimplplugin.dll is up to date.
  ButtonPanel.qml is up to date.
  CheckIndicator.qml is up to date.
  plugins.qmltypes is up to date.
  qmldir is up to date.
  RadioIndicator.qml is up to date.
  SliderGroove.qml is up to date.
  SliderHandle.qml is up to date.
  SwitchIndicator.qml is up to date.
  TextFieldBackground.qml is up to date.
  quickwindowplugin.dll is up to date.
  qmldir is up to date.
  quickwindow.qmltypes is up to date.
  qtquickcontrols2materialstyleimplplugin.dll is up to date.
  BoxShadow.qml is up to date.
  CheckIndicator.qml is up to date.
  CursorDelegate.qml is up to date.
  ElevationEffect.qml is up to date.
  plugins.qmltypes is up to date.
  qmldir is up to date.
  RadioIndicator.qml is up to date.
  RectangularGlow.qml is up to date.
  RoundedElevationEffect.qml is up to date.
  SliderHandle.qml is up to date.
  SwitchIndicator.qml is up to date.
  qtquickcontrols2imaginestyleimplplugin.dll is up to date.
  OpacityMask.qml is up to date.
  qmldir is up to date.
  QuickControls2ImagineStyleImpl.qmltypes is up to date.
  qtquickcontrols2universalstyleimplplugin.dll is up to date.
  CheckIndicator.qml is up to date.
  plugins.qmltypes is up to date.
  qmldir is up to date.
  RadioIndicator.qml is up to date.
  SwitchIndicator.qml is up to date.
  qtquickcontrols2fluentwinui3styleimplplugin.dll is up to date.
  ButtonBackground.qml is up to date.
  CheckIndicator.qml is up to date.
  FocusFrame.qml is up to date.
  plugins.qmltypes is up to date.
  qmldir is up to date.
  RadioIndicator.qml is up to date.
  StyleImage.qml is up to date.
  SwitchIndicator.qml is up to date.
  effectsplugin.dll is up to date.
  plugins.qmltypes is up to date.
  qmldir is up to date.
  qquicklayoutsplugin.dll is up to date.
  plugins.qmltypes is up to date.
  qmldir is up to date.
  qmlshapesplugin.dll is up to date.
  plugins.qmltypes is up to date.
  qmldir is up to date.
  qtquickcontrols2nativestyleplugin.dll is up to date.
  plugins.qmltypes is up to date.
  qmldir is up to date.
  qtquickcontrols2windowsstyleimplplugin.dll is up to date.
  CheckIndicator.qml is up to date.
  qmldir is up to date.
  QuickControls2WindowsStyleImpl.qmltypes is up to date.
  SwitchIndicator.qml is up to date.
  qtquickcontrols2basicstyleimplplugin.dll is up to date.
  plugins.qmltypes is up to date.
  qmldir is up to date.
  labsmodelsplugin.dll is up to date.
  plugins.qmltypes is up to date.
  qmldir is up to date.
  quickmultimediaplugin.dll is up to date.
  plugins.qmltypes is up to date.
  qmldir is up to date.
  Video.qml is up to date.
  qtquickdialogsplugin.dll is up to date.
  plugins.qmltypes is up to date.
  qmldir is up to date.
  qtquickdialogs2quickimplplugin.dll is up to date.
  plugins.qmltypes is up to date.
  qmldir is up to date.
  ColorDialog.qml is up to date.
  ColorInputs.qml is up to date.
  FileDialog.qml is up to date.
  FileDialogDelegate.qml is up to date.
  FileDialogDelegateLabel.qml is up to date.
  FolderBreadcrumbBar.qml is up to date.
  FolderDialog.qml is up to date.
  FolderDialogDelegate.qml is up to date.
  FolderDialogDelegateLabel.qml is up to date.
  FontDialog.qml is up to date.
  FontDialogContent.qml is up to date.
  HueGradient.qml is up to date.
  MessageDialog.qml is up to date.
  PickerHandle.qml is up to date.
  SaturationLightnessPicker.qml is up to date.
  SideBar.qml is up to date.
  ColorDialog.qml is up to date.
  ColorInputs.qml is up to date.
  FileDialog.qml is up to date.
  FileDialogDelegate.qml is up to date.
  FolderBreadcrumbBar.qml is up to date.
  FolderDialog.qml is up to date.
  FolderDialogDelegate.qml is up to date.
  FontDialog.qml is up to date.
  MessageDialog.qml is up to date.
  SideBar.qml is up to date.
  ColorDialog.qml is up to date.
  ColorInputs.qml is up to date.
  FileDialog.qml is up to date.
  FileDialogDelegate.qml is up to date.
  FolderBreadcrumbBar.qml is up to date.
  FolderDialog.qml is up to date.
  FolderDialogDelegate.qml is up to date.
  FontDialog.qml is up to date.
  MessageDialog.qml is up to date.
  SideBar.qml is up to date.
  ColorDialog.qml is up to date.
  ColorInputs.qml is up to date.
  FileDialog.qml is up to date.
  FileDialogDelegate.qml is up to date.
  FolderBreadcrumbBar.qml is up to date.
  FolderDialog.qml is up to date.
  FolderDialogDelegate.qml is up to date.
  FontDialog.qml is up to date.
  MessageDialog.qml is up to date.
  SideBar.qml is up to date.
  ColorDialog.qml is up to date.
  ColorInputs.qml is up to date.
  FileDialog.qml is up to date.
  FileDialogDelegate.qml is up to date.
  FolderBreadcrumbBar.qml is up to date.
  FolderDialog.qml is up to date.
  FolderDialogDelegate.qml is up to date.
  FontDialog.qml is up to date.
  MessageDialog.qml is up to date.
  SideBar.qml is up to date.
  qmlfolderlistmodelplugin.dll is up to date.
  plugins.qmltypes is up to date.
  qmldir is up to date.
  Creating qt_ar.qm...
  Creating qt_bg.qm...
  Creating qt_ca.qm...
  Creating qt_cs.qm...
  Creating qt_da.qm...
  Creating qt_de.qm...
  Creating qt_en.qm...
  Creating qt_es.qm...
  Creating qt_fa.qm...
  Creating qt_fi.qm...
  Creating qt_fr.qm...
  Creating qt_gd.qm...
  Creating qt_he.qm...
  Creating qt_hr.qm...
  Creating qt_hu.qm...
  Creating qt_it.qm...
  Creating qt_ja.qm...
  Creating qt_ka.qm...
  Creating qt_ko.qm...
  Creating qt_lg.qm...
  Creating qt_lv.qm...
  Creating qt_nl.qm...
  Creating qt_nn.qm...
  Creating qt_pl.qm...
  Creating qt_pt_BR.qm...
  Creating qt_ru.qm...
  Creating qt_sk.qm...
  Creating qt_sv.qm...
  Creating qt_tr.qm...
  Creating qt_uk.qm...
  Creating qt_zh_CN.qm...
  Creating qt_zh_TW.qm...
